<?xml version="1.0" encoding="UTF-8"?>
<!-- Generated by org.testng.reporters.JUnitReportReporter -->
<testsuite hostname="DESKTOP-373P18S" failures="0" tests="2" name="testscripts.ManageNewsTest" time="12.095" errors="0" timestamp="2025-04-12T02:46:24 IST" skipped="0">
  <testcase classname="testscripts.ManageNewsTest" name="searchManageNewsCategory" time="6.413"/>
  <testcase classname="testscripts.ManageNewsTest" name="addManageNewsNewCategory" time="5.682"/>
</testsuite> <!-- testscripts.ManageNewsTest -->
