<?xml version="1.0" encoding="UTF-8"?>
<!-- Generated by org.testng.reporters.JUnitReportReporter -->
<testsuite hostname="DESKTOP-373P18S" failures="0" tests="5" name="testscripts.LoginTest" time="20.168" errors="0" timestamp="2025-04-12T02:45:33 IST" skipped="0">
  <testcase classname="testscripts.LoginTest" name="verifyWetherUserCanLoginwithInValidalidUsernameandInvalidpasswordCredentials1" time="2.833"/>
  <testcase classname="testscripts.LoginTest" name="verifyWetherUserCanLoginwithInValidalidUsernameandInvalidpasswordCredentials1" time="2.599"/>
  <testcase classname="testscripts.LoginTest" name="verifyUserCanLoginWithValidCredentials" time="4.394"/>
  <testcase classname="testscripts.LoginTest" name="verifyWhetherUserIsAbleToLoginWithValidUsernameAndInvalidPassword" time="7.593"/>
  <testcase classname="testscripts.LoginTest" name="verifyWhetherUserIsAbleToLoginWithInValidUsernameAndValidPassword" time="2.749"/>
</testsuite> <!-- testscripts.LoginTest -->
