<?xml version="1.0" encoding="UTF-8"?>
<!-- Generated by org.testng.reporters.JUnitReportReporter -->
<testsuite hostname="DESKTOP-373P18S" failures="0" tests="5" name="testscripts.LoginTest" time="23.477" errors="0" timestamp="2025-04-10T09:43:27 IST" skipped="0">
  <testcase classname="testscripts.LoginTest" name="verifyUserCanLoginWithValidCredentials" time="5.187"/>
  <testcase classname="testscripts.LoginTest" name="verifyWetherUserCanLoginwithInValidalidUsernameandInvalidpasswordCredentials1" time="4.099"/>
  <testcase classname="testscripts.LoginTest" name="verifyWetherUserCanLoginwithInValidalidUsernameandInvalidpasswordCredentials1" time="3.511"/>
  <testcase classname="testscripts.LoginTest" name="verifyUserCanLoginWithInValidCredentials" time="4.879"/>
  <testcase classname="testscripts.LoginTest" name="verifyUserCanLoginWithEmptyCredentials" time="5.801"/>
</testsuite> <!-- testscripts.LoginTest -->
