<?xml version="1.0" encoding="UTF-8"?>
<!-- Generated by org.testng.reporters.JUnitReportReporter -->
<testsuite hostname="DESKTOP-373P18S" failures="0" tests="5" name="testscripts.LoginTest" time="20.954" errors="0" timestamp="2025-04-12T11:59:29 IST" skipped="0">
  <testcase classname="testscripts.LoginTest" name="verifyUserCanLoginWithValidCredentials" time="3.700"/>
  <testcase classname="testscripts.LoginTest" name="verifyWetherUserCanLoginwithInValidalidUsernameandInvalidpasswordCredentials1" time="3.703"/>
  <testcase classname="testscripts.LoginTest" name="verifyWetherUserCanLoginwithInValidalidUsernameandInvalidpasswordCredentials1" time="3.041"/>
  <testcase classname="testscripts.LoginTest" name="verifyWhetherUserIsAbleToLoginWithValidUsernameAndInvalidPassword" time="2.713"/>
  <testcase classname="testscripts.LoginTest" name="verifyWhetherUserIsAbleToLoginWithInValidUsernameAndValidPassword" time="7.797"/>
</testsuite> <!-- testscripts.LoginTest -->
