<?xml version="1.0" encoding="UTF-8"?>
<!-- Generated by org.testng.reporters.JUnitReportReporter -->
<testsuite hostname="DESKTOP-373P18S" failures="0" tests="1" name="testscripts.HomeTest" time="6.475" errors="0" timestamp="2025-04-12T02:41:59 IST" skipped="0">
  <testcase classname="testscripts.HomeTest" name="verifyuserisabletologout" time="6.475"/>
</testsuite> <!-- testscripts.HomeTest -->
