<?xml version="1.0" encoding="UTF-8"?>
<!-- Generated by org.testng.reporters.JUnitReportReporter -->
<testsuite hostname="DESKTOP-373P18S" failures="0" tests="2" name="testscripts.SubCategoryTest" time="14.849" errors="0" timestamp="2025-04-12T13:17:58 IST" skipped="0">
  <testcase classname="testscripts.SubCategoryTest" name="addNewCategory" time="10.553"/>
  <testcase classname="testscripts.SubCategoryTest" name="searchCategory" time="4.296"/>
</testsuite> <!-- testscripts.SubCategoryTest -->
