<?xml version="1.0" encoding="UTF-8"?>
<!-- Generated by org.testng.reporters.JUnitReportReporter -->
<testsuite hostname="DESKTOP-373P18S" failures="0" tests="3" name="testscripts.AdminUserTest" time="46.647" errors="0" timestamp="2025-04-12T11:22:21 IST" skipped="0">
  <testcase classname="testscripts.AdminUserTest" name="addAdminUserTestNewCategory" time="21.326"/>
  <testcase classname="testscripts.AdminUserTest" name="searchCreatedAdminUser1" time="13.094"/>
  <testcase classname="testscripts.AdminUserTest" name="verfysuserisabletoreset" time="12.227"/>
</testsuite> <!-- testscripts.AdminUserTest -->
