<?xml version="1.0" encoding="UTF-8"?>
<!-- Generated by org.testng.reporters.JUnitReportReporter -->
<testsuite hostname="DESKTOP-373P18S" failures="0" tests="3" name="testscripts.AdminUserTest" time="18.392" errors="0" timestamp="2025-04-12T02:43:24 IST" skipped="0">
  <testcase classname="testscripts.AdminUserTest" name="addAdminUserTestNewCategory" time="6.841"/>
  <testcase classname="testscripts.AdminUserTest" name="searchCreatedAdminUser1" time="7.400"/>
  <testcase classname="testscripts.AdminUserTest" name="verfysuserisabletoreset" time="4.151"/>
</testsuite> <!-- testscripts.AdminUserTest -->
