<?xml version="1.0" encoding="UTF-8"?>
<!-- Generated by org.testng.reporters.JUnitReportReporter -->
<testsuite hostname="DESKTOP-373P18S" failures="0" tests="2" name="testscripts.SubCategoryTest" time="14.967" errors="0" timestamp="2025-04-16T08:28:33 IST" skipped="0">
  <testcase classname="testscripts.SubCategoryTest" name="addNewCategory" time="11.323"/>
  <testcase classname="testscripts.SubCategoryTest" name="searchCategory" time="3.644"/>
</testsuite> <!-- testscripts.SubCategoryTest -->
