<?xml version="1.0" encoding="UTF-8"?>
<!-- Generated by org.testng.reporters.JUnitReportReporter -->
<testsuite hostname="DESKTOP-373P18S" failures="0" tests="2" name="testscripts.ManageNewsTest" time="13.179" errors="0" timestamp="2025-04-12T12:53:19 IST" skipped="0">
  <testcase classname="testscripts.ManageNewsTest" name="searchManageNewsCategory" time="5.133"/>
  <testcase classname="testscripts.ManageNewsTest" name="addManageNewsNewCategory" time="8.046"/>
</testsuite> <!-- testscripts.ManageNewsTest -->
