<?xml version="1.0" encoding="UTF-8"?>
<!-- Generated by org.testng.reporters.JUnitReportReporter -->
<testsuite hostname="DESKTOP-373P18S" failures="0" tests="2" name="testscripts.SubCategoryTest" time="12.010" errors="0" timestamp="2025-04-10T09:42:32 IST" skipped="0">
  <testcase classname="testscripts.SubCategoryTest" name="addNewCategory" time="6.872"/>
  <testcase classname="testscripts.SubCategoryTest" name="searchCategory" time="5.138"/>
</testsuite> <!-- testscripts.SubCategoryTest -->
